{"numTotalTestSuites":2,"numPassedTestSuites":2,"numFailedTestSuites":0,"numPendingTestSuites":0,"numTotalTests":2,"numPassedTests":2,"numFailedTests":0,"numPendingTests":0,"numTodoTests":0,"snapshot":{"added":0,"failure":false,"filesAdded":0,"filesRemoved":0,"filesRemovedList":[],"filesUnmatched":0,"filesUpdated":0,"matched":0,"total":0,"unchecked":0,"uncheckedKeysByFile":[],"unmatched":0,"updated":0,"didUpdate":false},"startTime":1743056973870,"success":true,"testResults":[{"assertionResults":[{"ancestorTitles":["BoardPage"],"fullName":"BoardPage renders Board component inside ReactFlowProvider","status":"passed","title":"renders Board component inside ReactFlowProvider","duration":18.838833999994677,"failureMessages":[],"meta":{}},{"ancestorTitles":["BoardPage"],"fullName":"BoardPage autoLayoutNodes function returns correctly formatted nodes","status":"passed","title":"autoLayoutNodes function returns correctly formatted nodes","duration":1.019583999994211,"failureMessages":[],"meta":{}}],"startTime":1743102134668,"endTime":1743102134688.0195,"status":"passed","message":"","name":"/Users/wodory/Development/apps/backyard/src/app/board/page.test.tsx"}]}