{"numTotalTestSuites":3,"numPassedTestSuites":3,"numFailedTestSuites":0,"numPendingTestSuites":0,"numTotalTests":8,"numPassedTests":8,"numFailedTests":0,"numPendingTests":0,"numTodoTests":0,"snapshot":{"added":0,"failure":false,"filesAdded":0,"filesRemoved":0,"filesRemovedList":[],"filesUnmatched":0,"filesUpdated":0,"matched":0,"total":0,"unchecked":0,"uncheckedKeysByFile":[],"unmatched":0,"updated":0,"didUpdate":false},"startTime":1743148284268,"success":true,"testResults":[{"assertionResults":[{"ancestorTitles":["CardNode"],"fullName":"CardNode 카드 노드가 올바르게 렌더링되어야 함","status":"passed","title":"카드 노드가 올바르게 렌더링되어야 함","duration":74.58324999999991,"failureMessages":[],"meta":{}},{"ancestorTitles":["CardNode"],"fullName":"CardNode 태그가 없는 경우에도 정상적으로 렌더링되어야 함","status":"passed","title":"태그가 없는 경우에도 정상적으로 렌더링되어야 함","duration":5.78125,"failureMessages":[],"meta":{}},{"ancestorTitles":["CardNode"],"fullName":"CardNode 펼치기 버튼 클릭 시 카드가 확장되어야 함","status":"passed","title":"펼치기 버튼 클릭 시 카드가 확장되어야 함","duration":17.00129200000015,"failureMessages":[],"meta":{}},{"ancestorTitles":["CardNode"],"fullName":"CardNode 더블 클릭 시 편집 모달이 열려야 함","status":"passed","title":"더블 클릭 시 편집 모달이 열려야 함","duration":8.705708999999842,"failureMessages":[],"meta":{}},{"ancestorTitles":["CardNode","노드 상태별 엣지 핸들러 및 스타일 테스트"],"fullName":"CardNode 노드 상태별 엣지 핸들러 및 스타일 테스트 1. normal 노드 - 엣지 핸들러가 보이지 않아야 함","status":"passed","title":"1. normal 노드 - 엣지 핸들러가 보이지 않아야 함","duration":3.936290999999983,"failureMessages":[],"meta":{}},{"ancestorTitles":["CardNode","노드 상태별 엣지 핸들러 및 스타일 테스트"],"fullName":"CardNode 노드 상태별 엣지 핸들러 및 스타일 테스트 2. hover 노드 - 엣지 핸들러가 보이고 hover 스타일이 적용되어야 함","status":"passed","title":"2. hover 노드 - 엣지 핸들러가 보이고 hover 스타일이 적용되어야 함","duration":7.470542000000023,"failureMessages":[],"meta":{}},{"ancestorTitles":["CardNode","노드 상태별 엣지 핸들러 및 스타일 테스트"],"fullName":"CardNode 노드 상태별 엣지 핸들러 및 스타일 테스트 3. selected 노드 - 엣지 핸들러가 보이고 선택 스타일이 적용되어야 함","status":"passed","title":"3. selected 노드 - 엣지 핸들러가 보이고 선택 스타일이 적용되어야 함","duration":3.502083999999968,"failureMessages":[],"meta":{}},{"ancestorTitles":["CardNode","노드 상태별 엣지 핸들러 및 스타일 테스트"],"fullName":"CardNode 노드 상태별 엣지 핸들러 및 스타일 테스트 4. 펼침 버튼 클릭 시 selected + expanded 노드가 되어야 함","status":"passed","title":"4. 펼침 버튼 클릭 시 selected + expanded 노드가 되어야 함","duration":10.879374999999982,"failureMessages":[],"meta":{}}],"startTime":1743148285437,"endTime":1743148285568.8794,"status":"passed","message":"","name":"/Users/wodory/Development/apps/backyard/src/components/board/nodes/__tests__/CardNode.test.tsx"}]}